2023-11-15 18:48:43,885 [INFO] Activator:176 - 


2023-11-15 18:48:43,887 [INFO] Activator:177 - !SESSION log4j initialized
2023-11-15 18:48:47,666 [INFO] LogOutputStream:77 - [STDOUT_REDIRECT] 
2023-11-15 18:48:50,708 [INFO] ApplicationProperties:184 - Using Application install path: D:\ST\STM32CubeIDE_1.13.2\STM32CubeIDE\plugins\com.st.stm32cube.common.mx_6.9.2.202309101412
2023-11-15 18:48:50,730 [INFO] DbMcusXml:78 - Set database path to: D:\ST\STM32CubeIDE_1.13.2\STM32CubeIDE\plugins\com.st.stm32cube.common.mx_6.9.2.202309101412\\db\/mcu/
2023-11-15 18:48:50,731 [INFO] ApiDb:274 - Set plugin database path to: D:\ST\STM32CubeIDE_1.13.2\STM32CubeIDE\plugins\com.st.stm32cube.common.mx_6.9.2.202309101412\\db\/plugins/boardmanager/
2023-11-15 18:48:50,731 [WARN] ApiDb:259 - Overriding images path with different value:  => D:\ST\STM32CubeIDE_1.13.2\STM32CubeIDE\plugins\com.st.stm32cube.common.mx_6.9.2.202309101412\\db\/plugins/mcufinder/images/
2023-11-15 18:48:50,742 [INFO] ApiDb:250 - Set database path to: C:\Users\Asus\.stmcufinder\plugins\mcufinder//mcu/
2023-11-15 18:48:50,744 [INFO] DbMcusAds:125 - Set database path to: C:\Users\Asus\.stmcufinder\plugins\mcufinder//mcu/
2023-11-15 18:48:50,747 [INFO] CrossReferenceDbSqlite:203 - Set database path to: C:\Users\Asus\.stmcufinder\plugins\mcufinder//mcu/cs/
2023-11-15 18:48:50,876 [INFO] RulesReader:64 - Compatibility file has been processed (293 Rules)
2023-11-15 18:48:50,990 [INFO] DbMcusXml:78 - Set database path to: D:\ST\STM32CubeIDE_1.13.2\STM32CubeIDE\plugins\com.st.stm32cube.common.mx_6.9.2.202309101412\\db\/mcu/
2023-11-15 18:48:50,990 [INFO] ApiDb:274 - Set plugin database path to: D:\ST\STM32CubeIDE_1.13.2\STM32CubeIDE\plugins\com.st.stm32cube.common.mx_6.9.2.202309101412\\db\/plugins/boardmanager/
2023-11-15 18:48:50,990 [INFO] ApiDb:261 - Set plugin images path to: D:\ST\STM32CubeIDE_1.13.2\STM32CubeIDE\plugins\com.st.stm32cube.common.mx_6.9.2.202309101412\\db\/plugins/mcufinder/images/
2023-11-15 18:48:50,990 [WARN] DbFile:41 - Overriding database path with different value: C:\Users\Asus\.stmcufinder\plugins\mcufinder/ => C:\Users\Asus\.stmcufinder\plugins\mcufinder
2023-11-15 18:48:50,990 [INFO] ApiDb:250 - Set database path to: C:\Users\Asus\.stmcufinder\plugins\mcufinder//mcu/
2023-11-15 18:48:50,990 [WARN] DbFile:41 - Overriding database path with different value: C:\Users\Asus\.stmcufinder\plugins\mcufinder/ => C:\Users\Asus\.stmcufinder\plugins\mcufinder
2023-11-15 18:48:50,991 [INFO] DbMcusAds:125 - Set database path to: C:\Users\Asus\.stmcufinder\plugins\mcufinder//mcu/
2023-11-15 18:48:50,991 [WARN] DbFile:41 - Overriding database path with different value: C:\Users\Asus\.stmcufinder\plugins\mcufinder/ => C:\Users\Asus\.stmcufinder\plugins\mcufinder
2023-11-15 18:48:50,991 [WARN] DbFile:41 - Overriding database path with different value: C:\Users\Asus\.stmcufinder\plugins\mcufinder/ => C:\Users\Asus\.stmcufinder\plugins\mcufinder
2023-11-15 18:48:50,991 [INFO] CrossReferenceDbSqlite:203 - Set database path to: C:\Users\Asus\.stmcufinder\plugins\mcufinder//mcu/cs/
2023-11-15 18:48:51,093 [INFO] MainPanel:262 - HeapMemory: 268435456
2023-11-15 18:48:51,214 [INFO] DbMcusXml:78 - Set database path to: D:\ST\STM32CubeIDE_1.13.2\STM32CubeIDE\plugins\com.st.stm32cube.common.mx_6.9.2.202309101412\\db\/mcu/
2023-11-15 18:48:51,214 [INFO] ApiDb:274 - Set plugin database path to: D:\ST\STM32CubeIDE_1.13.2\STM32CubeIDE\plugins\com.st.stm32cube.common.mx_6.9.2.202309101412\\db\/plugins/boardmanager/
2023-11-15 18:48:51,214 [INFO] ApiDb:261 - Set plugin images path to: D:\ST\STM32CubeIDE_1.13.2\STM32CubeIDE\plugins\com.st.stm32cube.common.mx_6.9.2.202309101412\\db\/plugins/mcufinder/images/
2023-11-15 18:48:51,215 [WARN] DbFile:41 - Overriding database path with different value: C:\Users\Asus\.stmcufinder\plugins\mcufinder/ => C:\Users\Asus\.stmcufinder\plugins\mcufinder
2023-11-15 18:48:51,215 [INFO] ApiDb:250 - Set database path to: C:\Users\Asus\.stmcufinder\plugins\mcufinder//mcu/
2023-11-15 18:48:51,215 [WARN] DbFile:41 - Overriding database path with different value: C:\Users\Asus\.stmcufinder\plugins\mcufinder/ => C:\Users\Asus\.stmcufinder\plugins\mcufinder
2023-11-15 18:48:51,215 [INFO] DbMcusAds:125 - Set database path to: C:\Users\Asus\.stmcufinder\plugins\mcufinder//mcu/
2023-11-15 18:48:51,215 [WARN] DbFile:41 - Overriding database path with different value: C:\Users\Asus\.stmcufinder\plugins\mcufinder/ => C:\Users\Asus\.stmcufinder\plugins\mcufinder
2023-11-15 18:48:51,215 [WARN] DbFile:41 - Overriding database path with different value: C:\Users\Asus\.stmcufinder\plugins\mcufinder/ => C:\Users\Asus\.stmcufinder\plugins\mcufinder
2023-11-15 18:48:51,216 [INFO] CrossReferenceDbSqlite:203 - Set database path to: C:\Users\Asus\.stmcufinder\plugins\mcufinder//mcu/cs/
2023-11-15 18:48:51,236 [INFO] ApplicationProperties:184 - Using Application install path: D:\ST\STM32CubeIDE_1.13.2\STM32CubeIDE\plugins\com.st.stm32cube.common.mx_6.9.2.202309101412
2023-11-15 18:48:51,238 [INFO] PluginManage:196 - Search for loadable plugins [exclusion list=, ]
2023-11-15 18:48:51,241 [INFO] PluginManage:310 - Check plugin analytics
2023-11-15 18:48:51,433 [INFO] AnalyticsPlugin:253 - Accepted Software Licenses: 
2023-11-15 18:48:51,433 [INFO] AnalyticsPlugin:255 - Accepted CMSIS Pack Licenses: 
2023-11-15 18:48:51,435 [INFO] AnalyticsPlugin:257 - Accepted Firmware Licenses: 
2023-11-15 18:48:51,439 [INFO] PluginManage:359 - Loaded plugin analytics (category:tool,tabindex:-1)
2023-11-15 18:48:51,440 [INFO] PluginManage:310 - Check plugin cadmodel
2023-11-15 18:48:51,462 [INFO] CADModel:105 - Init CAD model plugin
2023-11-15 18:48:51,462 [INFO] PluginManage:359 - Loaded plugin cadmodel (category:power,tabindex:5)
2023-11-15 18:48:51,462 [INFO] PluginManage:310 - Check plugin clock
2023-11-15 18:48:51,488 [INFO] PluginManage:359 - Loaded plugin clock (category:base,tabindex:2)
2023-11-15 18:48:51,488 [INFO] PluginManage:310 - Check plugin ddr
2023-11-15 18:48:51,491 [INFO] PluginManage:359 - Loaded plugin ddr (category:tool,tabindex:6)
2023-11-15 18:48:51,491 [INFO] PluginManage:310 - Check plugin filemanager
2023-11-15 18:48:51,672 [INFO] PluginManage:359 - Loaded plugin filemanager (category:base,tabindex:10)
2023-11-15 18:48:51,672 [INFO] PluginManage:310 - Check plugin ipmanager
2023-11-15 18:48:51,687 [INFO] PluginManage:359 - Loaded plugin ipmanager (category:base,tabindex:5)
2023-11-15 18:48:51,687 [INFO] PluginManage:310 - Check plugin lpbam
2023-11-15 18:48:51,716 [INFO] PluginManage:359 - Loaded plugin lpbam (category:base,tabindex:0)
2023-11-15 18:48:51,716 [INFO] PluginManage:310 - Check plugin memorymap
2023-11-15 18:48:51,753 [INFO] PluginManage:359 - Loaded plugin memorymap (category:base,tabindex:4)
2023-11-15 18:48:51,753 [INFO] PluginManage:310 - Check plugin pinoutandconfiguration
2023-11-15 18:48:51,783 [INFO] PluginManage:359 - Loaded plugin pinoutandconfiguration (category:base,tabindex:1)
2023-11-15 18:48:51,784 [INFO] PluginManage:310 - Check plugin pinoutconfig
2023-11-15 18:48:51,932 [WARN] SupportedApi:132 - Cannot load RTOS API schema: s4s-elt-must-match.1: The content of 'definitions' must match (annotation?, (simpleType | complexType)?, (unique | key | keyref)*)). A problem was found starting at: attribute.
2023-11-15 18:48:52,122 [INFO] PluginManage:359 - Loaded plugin pinoutconfig (category:base,tabindex:0)
2023-11-15 18:48:52,122 [INFO] PluginManage:310 - Check plugin power
2023-11-15 18:48:52,140 [INFO] PluginManage:359 - Loaded plugin power (category:power,tabindex:4)
2023-11-15 18:48:52,141 [INFO] PluginManage:310 - Check plugin projectmanager
2023-11-15 18:48:52,156 [INFO] PluginManage:359 - Loaded plugin projectmanager (category:projectmanager,tabindex:3)
2023-11-15 18:48:52,156 [INFO] PluginManage:310 - Check plugin thirdparty
2023-11-15 18:48:52,429 [INFO] PluginManage:359 - Loaded plugin thirdparty (category:base,tabindex:-1)
2023-11-15 18:48:52,429 [WARN] IntegrityCheckThread:84 - waiting for thirdparty lock release [integrity check]
2023-11-15 18:48:52,429 [INFO] PluginManage:310 - Check plugin tools
2023-11-15 18:48:52,429 [INFO] IntegrityCheckThread:86 - entering critical section [integrity check]
2023-11-15 18:48:52,429 [INFO] ThirdPartyUpdaterWithRetryManager:70 - Updater plugin not ready yet. [1/15]
2023-11-15 18:48:52,460 [INFO] PluginManage:359 - Loaded plugin tools (category:base,tabindex:7)
2023-11-15 18:48:52,460 [INFO] PluginManage:310 - Check plugin tutovideos
2023-11-15 18:48:52,657 [INFO] PluginManage:359 - Loaded plugin tutovideos (category:base,tabindex:-1)
2023-11-15 18:48:52,657 [INFO] PluginManage:310 - Check plugin updater
2023-11-15 18:48:52,667 [INFO] PluginManage:359 - Loaded plugin updater (category:base,tabindex:12)
2023-11-15 18:48:52,667 [INFO] PluginManage:310 - Check plugin userauth
2023-11-15 18:48:52,672 [INFO] UserAuth:113 - Init User Auth plugin
2023-11-15 18:48:52,672 [INFO] PluginManage:359 - Loaded plugin userauth (category:base,tabindex:14)
2023-11-15 18:48:52,672 [INFO] PluginManage:283 - PluginManage : Loaded plugins [17]
2023-11-15 18:48:52,919 [INFO] PinOutPanel:1499 - setPackage(No Configuration,No Configuration)
2023-11-15 18:48:53,031 [INFO] CADModel:165 - CPN selected for project level
2023-11-15 18:48:53,031 [INFO] CADModel:114 - Register for checkConnection events
2023-11-15 18:48:53,055 [INFO] IPUIPlugin:80 - create IPUIPlugin
2023-11-15 18:48:53,056 [INFO] PluginManager:220 - loadIPPluginJar : add adc
2023-11-15 18:48:53,085 [INFO] IPUIPlugin:80 - create IPUIPlugin
2023-11-15 18:48:53,085 [INFO] PluginManager:220 - loadIPPluginJar : add aes
2023-11-15 18:48:53,123 [INFO] IPUIPlugin:80 - create IPUIPlugin
2023-11-15 18:48:53,123 [INFO] PluginManager:220 - loadIPPluginJar : add can
2023-11-15 18:48:53,143 [INFO] IPUIPlugin:80 - create IPUIPlugin
2023-11-15 18:48:53,144 [INFO] PluginManager:220 - loadIPPluginJar : add comp
2023-11-15 18:48:53,174 [INFO] IPUIPlugin:80 - create IPUIPlugin
2023-11-15 18:48:53,174 [INFO] PluginManager:220 - loadIPPluginJar : add cryp
2023-11-15 18:48:53,201 [INFO] IPUIPlugin:80 - create IPUIPlugin
2023-11-15 18:48:53,202 [INFO] PluginManager:220 - loadIPPluginJar : add dfsdm
2023-11-15 18:48:53,214 [INFO] IPUIPlugin:80 - create IPUIPlugin
2023-11-15 18:48:53,214 [INFO] PluginManager:220 - loadIPPluginJar : add dma
2023-11-15 18:48:53,260 [INFO] IPUIPlugin:80 - create IPUIPlugin
2023-11-15 18:48:53,260 [INFO] PluginManager:220 - loadIPPluginJar : add dma3
2023-11-15 18:48:53,282 [INFO] IPUIPlugin:80 - create IPUIPlugin
2023-11-15 18:48:53,282 [INFO] PluginManager:220 - loadIPPluginJar : add fatfs
2023-11-15 18:48:53,341 [INFO] IPUIPlugin:80 - create IPUIPlugin
2023-11-15 18:48:53,341 [INFO] PluginManager:220 - loadIPPluginJar : add fmc
2023-11-15 18:48:53,363 [INFO] IPUIPlugin:80 - create IPUIPlugin
2023-11-15 18:48:53,364 [INFO] PluginManager:220 - loadIPPluginJar : add freertos
2023-11-15 18:48:53,385 [INFO] IPUIPlugin:80 - create IPUIPlugin
2023-11-15 18:48:53,385 [INFO] PluginManager:220 - loadIPPluginJar : add genericplugin
2023-11-15 18:48:53,470 [INFO] IPUIPlugin:80 - create IPUIPlugin
2023-11-15 18:48:53,471 [INFO] PluginManager:220 - loadIPPluginJar : add gfxmmu
2023-11-15 18:48:53,600 [INFO] IPUIPlugin:80 - create IPUIPlugin
2023-11-15 18:48:53,601 [INFO] PluginManager:220 - loadIPPluginJar : add gic
2023-11-15 18:48:53,613 [INFO] IPUIPlugin:80 - create IPUIPlugin
2023-11-15 18:48:53,613 [INFO] PluginManager:220 - loadIPPluginJar : add gpio
2023-11-15 18:48:53,704 [INFO] IPUIPlugin:80 - create IPUIPlugin
2023-11-15 18:48:53,704 [INFO] PluginManager:220 - loadIPPluginJar : add gtzc
2023-11-15 18:48:53,732 [INFO] IPUIPlugin:80 - create IPUIPlugin
2023-11-15 18:48:53,733 [INFO] PluginManager:220 - loadIPPluginJar : add hash
2023-11-15 18:48:53,779 [INFO] IPUIPlugin:80 - create IPUIPlugin
2023-11-15 18:48:53,780 [INFO] PluginManager:220 - loadIPPluginJar : add i2c
2023-11-15 18:48:53,817 [INFO] IPUIPlugin:80 - create IPUIPlugin
2023-11-15 18:48:53,817 [INFO] PluginManager:220 - loadIPPluginJar : add i2s
2023-11-15 18:48:53,856 [INFO] IPUIPlugin:80 - create IPUIPlugin
2023-11-15 18:48:53,856 [INFO] PluginManager:220 - loadIPPluginJar : add i3c
2023-11-15 18:48:53,951 [INFO] IPUIPlugin:80 - create IPUIPlugin
2023-11-15 18:48:53,951 [INFO] PluginManager:220 - loadIPPluginJar : add ipddr
2023-11-15 18:48:54,040 [INFO] IPUIPlugin:80 - create IPUIPlugin
2023-11-15 18:48:54,040 [INFO] PluginManager:220 - loadIPPluginJar : add linkedlist
2023-11-15 18:48:54,072 [INFO] IPUIPlugin:80 - create IPUIPlugin
2023-11-15 18:48:54,073 [INFO] PluginManager:220 - loadIPPluginJar : add lorawan
2023-11-15 18:48:54,108 [INFO] IPUIPlugin:80 - create IPUIPlugin
2023-11-15 18:48:54,108 [INFO] PluginManager:220 - loadIPPluginJar : add ltdc
2023-11-15 18:48:54,124 [INFO] IPUIPlugin:80 - create IPUIPlugin
2023-11-15 18:48:54,124 [INFO] PluginManager:220 - loadIPPluginJar : add mdma
2023-11-15 18:48:54,136 [INFO] IPUIPlugin:80 - create IPUIPlugin
2023-11-15 18:48:54,136 [INFO] PluginManager:220 - loadIPPluginJar : add nvic
2023-11-15 18:48:54,167 [INFO] IPUIPlugin:80 - create IPUIPlugin
2023-11-15 18:48:54,168 [INFO] PluginManager:220 - loadIPPluginJar : add opamp
2023-11-15 18:48:54,219 [INFO] IPUIPlugin:80 - create IPUIPlugin
2023-11-15 18:48:54,219 [INFO] PluginManager:220 - loadIPPluginJar : add openamp
2023-11-15 18:48:54,256 [INFO] IPUIPlugin:80 - create IPUIPlugin
2023-11-15 18:48:54,256 [INFO] PluginManager:220 - loadIPPluginJar : add pdm2pcm
2023-11-15 18:48:54,273 [INFO] IPUIPlugin:80 - create IPUIPlugin
2023-11-15 18:48:54,276 [INFO] PluginManager:220 - loadIPPluginJar : add plateformsettings
2023-11-15 18:48:54,302 [INFO] IPUIPlugin:80 - create IPUIPlugin
2023-11-15 18:48:54,302 [INFO] PluginManager:220 - loadIPPluginJar : add quadspi
2023-11-15 18:48:54,314 [INFO] IPUIPlugin:80 - create IPUIPlugin
2023-11-15 18:48:54,314 [INFO] PluginManager:220 - loadIPPluginJar : add resmgrutility
2023-11-15 18:48:54,363 [INFO] IPUIPlugin:80 - create IPUIPlugin
2023-11-15 18:48:54,363 [INFO] PluginManager:220 - loadIPPluginJar : add sai
2023-11-15 18:48:54,397 [INFO] IPUIPlugin:80 - create IPUIPlugin
2023-11-15 18:48:54,399 [INFO] PluginManager:220 - loadIPPluginJar : add spi
2023-11-15 18:48:54,446 [INFO] IPUIPlugin:80 - create IPUIPlugin
2023-11-15 18:48:54,446 [INFO] PluginManager:220 - loadIPPluginJar : add stm32_wpan
2023-11-15 18:48:54,465 [INFO] IPUIPlugin:80 - create IPUIPlugin
2023-11-15 18:48:54,465 [INFO] PluginManager:220 - loadIPPluginJar : add tim
2023-11-15 18:48:54,512 [INFO] IPUIPlugin:80 - create IPUIPlugin
2023-11-15 18:48:54,512 [INFO] PluginManager:220 - loadIPPluginJar : add touchsensing
2023-11-15 18:48:54,531 [INFO] IPUIPlugin:80 - create IPUIPlugin
2023-11-15 18:48:54,531 [INFO] PluginManager:220 - loadIPPluginJar : add tracer_emb
2023-11-15 18:48:54,551 [INFO] IPUIPlugin:80 - create IPUIPlugin
2023-11-15 18:48:54,551 [INFO] PluginManager:220 - loadIPPluginJar : add ts
2023-11-15 18:48:54,568 [INFO] IPUIPlugin:80 - create IPUIPlugin
2023-11-15 18:48:54,568 [INFO] PluginManager:220 - loadIPPluginJar : add tsc
2023-11-15 18:48:54,587 [INFO] IPUIPlugin:80 - create IPUIPlugin
2023-11-15 18:48:54,587 [INFO] PluginManager:220 - loadIPPluginJar : add ucpd
2023-11-15 18:48:54,629 [INFO] IPUIPlugin:80 - create IPUIPlugin
2023-11-15 18:48:54,629 [INFO] PluginManager:220 - loadIPPluginJar : add usart
2023-11-15 18:48:54,671 [INFO] IPUIPlugin:80 - create IPUIPlugin
2023-11-15 18:48:54,671 [INFO] PluginManager:220 - loadIPPluginJar : add usbx
2023-11-15 18:48:54,804 [INFO] CADModel:165 - CPN selected for project level
2023-11-15 18:48:54,804 [INFO] CADModel:114 - Register for checkConnection events
2023-11-15 18:48:54,805 [FATAL] Updater:308 - Updater called before beeing initialized
2023-11-15 18:48:54,805 [ERROR] CADModel:125 - Updater not yet initialized, retry later 
2023-11-15 18:48:54,980 [INFO] CADModel:165 - CPN selected for project level
2023-11-15 18:48:54,980 [INFO] CADModel:114 - Register for checkConnection events
2023-11-15 18:48:54,981 [FATAL] Updater:308 - Updater called before beeing initialized
2023-11-15 18:48:54,981 [ERROR] CADModel:125 - Updater not yet initialized, retry later 
2023-11-15 18:48:54,985 [FATAL] Updater:308 - Updater called before beeing initialized
2023-11-15 18:48:55,091 [FATAL] Updater:308 - Updater called before beeing initialized
2023-11-15 18:48:55,097 [INFO] DbMcusAds:53 - JSON generation date=Tue Mar 07 09:50:55 CET 2023 (1678179055335)
2023-11-15 18:48:55,097 [FATAL] Updater:308 - Updater called before beeing initialized
2023-11-15 18:48:55,169 [WARN] DetailPanel:346 - Failed to get advertising image, set to default
2023-11-15 18:48:55,253 [FATAL] Updater:308 - Updater called before beeing initialized
2023-11-15 18:48:55,254 [FATAL] Updater:308 - Updater called before beeing initialized
2023-11-15 18:48:55,254 [FATAL] Updater:308 - Updater called before beeing initialized
2023-11-15 18:48:55,254 [WARN] DetailPanel:346 - Failed to get advertising image, set to default
2023-11-15 18:48:55,255 [FATAL] Updater:308 - Updater called before beeing initialized
2023-11-15 18:48:55,316 [ERROR] Updater:1120 - MainUpdater not yet initialized. External WinMGr cannot be set.
2023-11-15 18:48:55,325 [INFO] Updater:1056 - Updater Version found : 6.9.2
2023-11-15 18:48:55,345 [INFO] ApplicationProperties:184 - Using Application install path: D:\ST\STM32CubeIDE_1.13.2\STM32CubeIDE\plugins\com.st.stm32cube.common.mx_6.9.2.202309101412
2023-11-15 18:48:55,431 [INFO] ThirdPartyUpdaterWithRetryManager:70 - Updater plugin not ready yet. [2/15]
2023-11-15 18:48:55,991 [INFO] MainUpdater:2868 - connection check result : 10
2023-11-15 18:48:55,992 [INFO] MainUpdater:285 - Updater Check For Update Now.
2023-11-15 18:48:55,992 [INFO] MicroXplorer:498 - Change Database Version : DB.6.0.92
2023-11-15 18:48:56,017 [INFO] McuFinderGlobals:63 - Set McuFinder mode to 2 (CubeIDE integrated)
2023-11-15 18:48:56,018 [INFO] UserAuth:179 - activating auth plugin
2023-11-15 18:48:56,021 [INFO] UserAuth:393 - Internet connection configuration mode: 1
2023-11-15 18:48:56,076 [INFO] JxBrowserEngine:151 - Initiate JxBrowser Engine with user profile folder
2023-11-15 18:48:56,246 [INFO] CheckServerUpdateThread:120 - End of CheckServer Thread
2023-11-15 18:48:58,612 [INFO] WebApp:157 - Instantiating new browser for Auth
2023-11-15 18:48:58,693 [WARN] PackLoader:240 - Cannot read IP mode file for STMicroelectronics.X-CUBE-SMBUS.2.1.0
2023-11-15 18:48:58,764 [WARN] PackLoader:240 - Cannot read IP mode file for STMicroelectronics.X-CUBE-AZRTOS-F7.1.1.0
2023-11-15 18:48:58,812 [WARN] PackLoader:240 - Cannot read IP mode file for STMicroelectronics.FP-SNS-MOTENV1.4.3.2
2023-11-15 18:48:58,842 [WARN] PackLoader:240 - Cannot read IP mode file for STMicroelectronics.FP-SNS-FLIGHT1.5.0.2
2023-11-15 18:48:58,878 [WARN] PackLoader:240 - Cannot read IP mode file for STMicroelectronics.X-CUBE-DISPLAY.3.0.0
2023-11-15 18:48:58,921 [WARN] PackLoader:240 - Cannot read IP mode file for STMicroelectronics.X-CUBE-BLE1.7.0.0
2023-11-15 18:48:58,940 [WARN] PackLoader:240 - Cannot read IP mode file for emotas.I-CUBE-CANOPEN.1.3.0
2023-11-15 18:48:58,964 [WARN] PackLoader:240 - Cannot read IP mode file for STMicroelectronics.X-CUBE-TOUCHGFX.4.22.1
2023-11-15 18:48:58,988 [WARN] PackLoader:240 - Cannot read IP mode file for STMicroelectronics.FP-SNS-SMARTAG2.1.2.0
2023-11-15 18:48:59,027 [INFO] LogOutputStream:77 - [STDOUT_REDIRECT] 1 : Invalid condition id : UX_CORESTACK_Condition cause : null
2023-11-15 18:48:59,028 [INFO] LogOutputStream:77 - [STDOUT_REDIRECT] 1 : Invalid condition id : UX_CORESTACK_Condition cause : null
2023-11-15 18:48:59,031 [INFO] LogOutputStream:77 - [STDOUT_REDIRECT] 1 : Invalid condition id : UX_CORESTACK_Condition cause : null
2023-11-15 18:48:59,033 [INFO] LogOutputStream:77 - [STDOUT_REDIRECT] 1 : Invalid condition id : UX_CORESTACK_Condition cause : null
2023-11-15 18:48:59,035 [INFO] LogOutputStream:77 - [STDOUT_REDIRECT] 1 : Invalid condition id : UX_CORESTACK_Condition cause : null
2023-11-15 18:48:59,046 [WARN] PackLoader:240 - Cannot read IP mode file for STMicroelectronics.X-CUBE-AZRTOS-WL.2.0.0
2023-11-15 18:48:59,072 [WARN] PackLoader:240 - Cannot read IP mode file for WES.I-CUBE-Cesium.1.3.0
2023-11-15 18:48:59,088 [WARN] PackLoader:240 - Cannot read IP mode file for STMicroelectronics.X-CUBE-BLE2.3.3.0
2023-11-15 18:48:59,108 [WARN] PackLoader:240 - Cannot read IP mode file for STMicroelectronics.X-CUBE-ALGOBUILD.1.3.0
2023-11-15 18:48:59,144 [WARN] PackLoader:240 - Cannot read IP mode file for STMicroelectronics.X-CUBE-AZRTOS-G0.1.1.0
2023-11-15 18:48:59,163 [WARN] PackLoader:240 - Cannot read IP mode file for STMicroelectronics.X-CUBE-NFC4.3.0.0
2023-11-15 18:48:59,186 [WARN] PackLoader:240 - Cannot read IP mode file for STMicroelectronics.X-CUBE-BLEMGR.3.0.0
2023-11-15 18:48:59,203 [WARN] PackLoader:240 - Cannot read IP mode file for STMicroelectronics.FP-ATR-SIGFOX1.3.2.0
2023-11-15 18:48:59,217 [WARN] PackLoader:240 - Cannot read IP mode file for STMicroelectronics.X-CUBE-GNSS1.6.0.0
2023-11-15 18:48:59,250 [WARN] PackLoader:240 - Cannot read IP mode file for STMicroelectronics.X-CUBE-AZRTOS-F4.1.1.0
2023-11-15 18:48:59,267 [WARN] PackLoader:240 - Cannot read IP mode file for wolfSSL.I-CUBE-wolfSSL.5.6.4
2023-11-15 18:48:59,307 [WARN] PackLoader:240 - Cannot read IP mode file for STMicroelectronics.X-CUBE-AZRTOS-L5.2.0.0
2023-11-15 18:48:59,331 [WARN] PackLoader:240 - Cannot read IP mode file for STMicroelectronics.X-CUBE-EEPRMA1.4.2.0
2023-11-15 18:48:59,349 [WARN] PackLoader:240 - Cannot read IP mode file for ITTIA_DB.I-CUBE-ITTIADB.8.8.0
2023-11-15 18:48:59,400 [WARN] ConditionMgr:438 - getConditionDescription Invalid condition id : UX DEVICE CLASS RTOS Condition cause : null
2023-11-15 18:48:59,402 [WARN] ConditionMgr:438 - getConditionDescription Invalid condition id : UX DEVICE CLASS RTOS Condition cause : null
2023-11-15 18:48:59,407 [WARN] PackLoader:240 - Cannot read IP mode file for STMicroelectronics.X-CUBE-AZRTOS-H7.3.1.0
2023-11-15 18:48:59,408 [WARN] ConditionMgr:1039 - genDependencies : Invalid condition id : UX DEVICE CLASS RTOS Condition cause : null
2023-11-15 18:48:59,409 [WARN] ConditionMgr:1039 - genDependencies : Invalid condition id : UX DEVICE CLASS RTOS Condition cause : null
2023-11-15 18:48:59,410 [WARN] ConditionMgr:1039 - genDependencies : Invalid condition id : UX DEVICE CLASS RTOS Condition cause : null
2023-11-15 18:48:59,412 [WARN] ConditionMgr:1039 - genDependencies : Invalid condition id : UX DEVICE CLASS RTOS Condition cause : null
2023-11-15 18:48:59,412 [WARN] ConditionMgr:1039 - genDependencies : Invalid condition id : UX DEVICE CLASS RTOS Condition cause : null
2023-11-15 18:48:59,434 [WARN] PackLoader:240 - Cannot read IP mode file for STMicroelectronics.X-CUBE-NFC7.1.0.1
2023-11-15 18:48:59,477 [WARN] PackLoader:240 - Cannot read IP mode file for STMicroelectronics.X-CUBE-NFC6.3.0.0
2023-11-15 18:48:59,510 [WARN] PackLoader:240 - Cannot read IP mode file for STMicroelectronics.X-CUBE-AI.8.1.0
2023-11-15 18:48:59,566 [WARN] ConditionMgr:438 - getConditionDescription Invalid condition id : LAN8742 Phy interface Condition cause : null
2023-11-15 18:48:59,567 [WARN] PackLoader:240 - Cannot read IP mode file for STMicroelectronics.X-CUBE-AZRTOS-L4.2.0.0
2023-11-15 18:48:59,570 [WARN] ConditionMgr:1039 - genDependencies : Invalid condition id : LAN8742 Phy interface Condition cause : null
2023-11-15 18:48:59,570 [WARN] ConditionMgr:1039 - genDependencies : Invalid condition id : LAN8742 Phy interface Condition cause : null
2023-11-15 18:48:59,571 [WARN] ConditionMgr:1039 - genDependencies : Invalid condition id : LAN8742 Phy interface Condition cause : null
2023-11-15 18:48:59,602 [WARN] PackLoader:240 - Cannot read IP mode file for STMicroelectronics.X-CUBE-SFXS2LP1.4.0.0
2023-11-15 18:48:59,621 [WARN] PackLoader:240 - Cannot read IP mode file for STMicroelectronics.X-CUBE-ISPU.1.1.0
2023-11-15 18:48:59,654 [WARN] ConditionMgr:438 - getConditionDescription Invalid condition id : UX DEVICE CLASS RTOS Condition cause : null
2023-11-15 18:48:59,655 [WARN] ConditionMgr:438 - getConditionDescription Invalid condition id : UX DEVICE CLASS RTOS Condition cause : null
2023-11-15 18:48:59,657 [WARN] PackLoader:240 - Cannot read IP mode file for STMicroelectronics.X-CUBE-AZRTOS-WB.2.0.0
2023-11-15 18:48:59,657 [WARN] ConditionMgr:1039 - genDependencies : Invalid condition id : UX DEVICE CLASS RTOS Condition cause : null
2023-11-15 18:48:59,657 [WARN] ConditionMgr:1039 - genDependencies : Invalid condition id : UX DEVICE CLASS RTOS Condition cause : null
2023-11-15 18:48:59,659 [WARN] ConditionMgr:1039 - genDependencies : Invalid condition id : UX DEVICE CLASS RTOS Condition cause : null
2023-11-15 18:48:59,660 [WARN] ConditionMgr:1039 - genDependencies : Invalid condition id : UX DEVICE CLASS RTOS Condition cause : null
2023-11-15 18:48:59,660 [WARN] ConditionMgr:1039 - genDependencies : Invalid condition id : UX DEVICE CLASS RTOS Condition cause : null
2023-11-15 18:48:59,687 [WARN] PackLoader:240 - Cannot read IP mode file for STMicroelectronics.X-CUBE-SUBG2.5.0.0
2023-11-15 18:48:59,717 [WARN] PackLoader:240 - Cannot read IP mode file for STMicroelectronics.X-CUBE-TOF1.3.3.1
2023-11-15 18:48:59,768 [WARN] PackLoader:240 - Cannot read IP mode file for STMicroelectronics.X-CUBE-AZRTOS-G4.2.0.0
2023-11-15 18:48:59,807 [WARN] PackLoader:240 - Cannot read IP mode file for Infineon.AIROC-Wi-Fi-Bluetooth-STM32.1.5.1
2023-11-15 18:48:59,831 [WARN] PackLoader:240 - Cannot read IP mode file for STMicroelectronics.FP-SNS-MOTENVWB1.1.3.0
2023-11-15 18:48:59,913 [WARN] PackLoader:240 - Cannot read IP mode file for STMicroelectronics.X-CUBE-MEMS1.10.0.0
2023-11-15 18:49:00,059 [INFO] WebApp:753 - Register for checkConnection events
2023-11-15 18:49:00,060 [INFO] WebApp:390 - Apply proxy settings
2023-11-15 18:49:00,060 [INFO] WebApp:475 - Chromium requires no authentication
2023-11-15 18:49:00,096 [INFO] WebApp:418 - Direct internet connection detected
2023-11-15 18:49:00,128 [INFO] McuFinderGlobals:63 - Set McuFinder mode to 2 (CubeIDE integrated)
2023-11-15 18:49:00,143 [WARN] PackLoader:240 - Cannot read IP mode file for STMicroelectronics.X-CUBE-FREERTOS.1.1.0
2023-11-15 18:49:00,168 [WARN] PackLoader:240 - Cannot read IP mode file for portGmbH.I-Cube-SoM-uGOAL.1.1.0
2023-11-15 18:49:00,179 [INFO] MainUpdater:2868 - connection check result : 10
2023-11-15 18:49:00,187 [WARN] PackLoader:240 - Cannot read IP mode file for STMicroelectronics.X-CUBE-ALS.1.0.1
2023-11-15 18:49:00,209 [WARN] PackLoader:240 - Cannot read IP mode file for STMicroelectronics.FP-ATR-ASTRA1.2.0.0
2023-11-15 18:49:00,210 [INFO] ThirdParty:978 - Integrity check success = true
2023-11-15 18:49:00,210 [INFO] IntegrityCheckThread:100 - exiting critical section [integrity check]
2023-11-15 18:49:00,210 [INFO] IntegrityCheckThread:103 - End integrity checks thread
2023-11-15 18:49:00,677 [INFO] WebApp:188 - Starting web application
2023-11-15 18:49:00,677 [INFO] WebApp:520 - Web application path used D:\ST\STM32CubeIDE_1.13.2\STM32CubeIDE\plugins\com.st.stm32cube.common.mx_6.9.2.202309101412\db\plugins\mcufinder\reactClient1\index.html
2023-11-15 18:49:01,061 [INFO] ApiDb:581 - Connected to CubeFinder SQLite database (C:\Users\Asus\.stmcufinder\plugins\mcufinder\mcu\cube-finder-db.db)
2023-11-15 18:49:01,147 [INFO] ApiDb:668 - CubeFinder database Data Model version=2.1
2023-11-15 18:49:01,147 [INFO] ApiDb:669 - CubeFinder database Configuration version=3.0.37
2023-11-15 18:49:01,147 [INFO] ApiDb:670 - CubeFinder database generation date=2023-10-13 (1697197505)
2023-11-15 18:49:01,148 [INFO] ApiDb:671 - CubeFinder database FW Pack versions=[FP-ATR-ASTRA1_V2.0.0, FP-SNS-FLIGHT1_V5.0.1, FP-SNS-FLIGHT1_V5.0.2, FP-SNS-MOTENV1_V4.3.1, FP-SNS-MOTENV1_V4.3.2, FP-SNS-SMARTAG2_V1.2.0, I-CUBE-ITTIADB_V8.6.3-1, STM32Cube_FW_C0_V1.1.0, STM32Cube_FW_F4_V1.27.1, STM32Cube_FW_F7_V1.17.0, STM32Cube_FW_G0_V1.6.1, STM32Cube_FW_G4_V1.5.1, STM32Cube_FW_H5_V0.5.1, STM32Cube_FW_H5_V1.1.1, STM32Cube_FW_H7_V1.11.0, STM32Cube_FW_L0_V1.12.2, STM32Cube_FW_L5_V1.5.0, STM32Cube_FW_U5_V1.3.0, STM32Cube_FW_U5_V1.3.0RC4, STM32Cube_FW_WBA_V1.0.0RC1, STM32Cube_FW_WBA_V1.1.0RC1, STM32Cube_FW_WBA_V1.1.1, STM32Cube_FW_WB_V1.15.0RC1, STM32Cube_FW_WB_V1.16.0, STM32Cube_FW_WB_V1.16.0RC2, STM32Cube_FW_WB_V1.17.3, STM32Cube_FW_WL_V1.3.0, X-CUBE-ALGOBUILD_V1.3.0, X-CUBE-ALS_V1.0.1, X-CUBE-AZRTOS-F4_V1.1.0, X-CUBE-AZRTOS-F7_V1.1.0, X-CUBE-AZRTOS-G0_V1.1.0, X-CUBE-AZRTOS-G4_V2.0.0, X-CUBE-AZRTOS-H7_V3.1.0, X-CUBE-AZRTOS-L4_V1.0.0, X-CUBE-AZRTOS-L4_V2.0.0, X-CUBE-AZRTOS-L5_V1.1.0, X-CUBE-AZRTOS-WB_V2.0.0, X-CUBE-AZRTOS-WL_V2.0.0, X-CUBE-BLE1_V7.0.0, X-CUBE-BLE2_V3.3.0, X-CUBE-BLEMGR_V2.0.0, X-CUBE-EEPRMA1_V4.1.0, X-CUBE-FREERTOS_V1.1.0, X-CUBE-GNSS1_V6.0.0, X-CUBE-MEMS1_V10.0.0, X-CUBE-MEMS1_V9.1.0, X-CUBE-MEMS1_V9.4.0, X-CUBE-MEMS1_V9.6.0, X-CUBE-NFC4_V3.0.0, X-CUBE-NFC7_V1.0.1, X-CUBE-SFXS2LP1_V4.0.0, X-CUBE-SUBG2_V5.0.0, X-CUBE-TOF1_V3.3.1]
2023-11-15 18:49:01,238 [INFO] DbBoardsSqlite:226 - include board P-NUCLEO-WB55-NUCLEO as a kit item of type 'Nucleo-64'
2023-11-15 18:49:01,239 [INFO] DbBoardsSqlite:226 - include board P-NUCLEO-WB55-USBDONGLE as a kit item of type 'Nucleo USB Dongle'
2023-11-15 18:49:01,239 [INFO] DbBoardsSqlite:226 - include board STEVAL-IDP005V1 as a kit item of type 'Evaluation Board'
2023-11-15 18:49:01,239 [INFO] DbBoardsSqlite:226 - include board STEVAL-IDP005V2 as a kit item of type 'Evaluation Board'
2023-11-15 18:49:01,295 [INFO] ApiDb:240 - Found 323 in-development CPN: [B-G473E-ZEST1S, B-WB1M-WPAN1, B-WL5M-SUBG1, NUCLEO-C031C6, NUCLEO-H503RB, NUCLEO-H563ZI, NUCLEO-U545RE-Q, NUCLEO-U5A5ZJ-Q, NUCLEO-WBA52CG, STEVAL-PROTEUS1, STEVAL-SMARTAG2, STEVAL-STWINBX1, STM320518-EVAL, STM32C0116-DK, STM32C011D6Y3TR, STM32C011D6Y6TR, STM32C011F4P3, STM32C011F4P6, STM32C011F4U3, STM32C011F4U6TR, STM32C011F6P3, STM32C011F6P6, STM32C011F6U3, STM32C011F6U6TR, STM32C011J4M3, STM32C011J4M6, STM32C011J6M3, STM32C011J6M6, STM32C0316-DK, STM32C031C4T3, STM32C031C4T6, STM32C031C4U3, STM32C031C4U6, STM32C031C6T3, STM32C031C6T6, STM32C031C6U3, STM32C031C6U6, STM32C031F4P3, STM32C031F4P6, STM32C031F6P3, STM32C031F6P6, STM32C031G4U3, STM32C031G4U6, STM32C031G6U3, STM32C031G6U6, STM32C031K4T3, STM32C031K4T6, STM32C031K4U3, STM32C031K4U6, STM32C031K6T3, STM32C031K6T6, STM32C031K6U3, STM32C031K6U6, STM32G071K8TXN, STM32G071K8UXN, STM32G081GBU6N, STM32G081KBT6N, STM32G081KBUXN, STM32G0B1CCT6N, STM32G0B1KCT6, STM32G0B1NEY6TR, STM32G0B1RCT6N, STM32G0C1CCT6, STM32G0C1CCT6N, STM32G0C1CCU6N, STM32G0C1CET6N, STM32G0C1CEU6N, STM32G0C1KCT6, STM32G0C1NEY6TR, STM32G0C1RCI6N, STM32G0C1RCT6N, STM32G0C1REI6N, STM32G0C1RET6N, STM32G0C1VCI6, STM32G0C1VEI6, STM32G471CCT6, STM32G471CCU6, STM32G471CET3, STM32G471CET6, STM32G471CEU3, STM32G471CEU6, STM32G471MCT6, STM32G471MET3, STM32G471MET6, STM32G471MEY6TR, STM32G471QCT6, STM32G471QET3, STM32G471RCT6, STM32G471RET3, STM32G471RET6, STM32G471VCH6, STM32G471VCI6, STM32G471VCT6, STM32G471VEH3, STM32G471VEH6, STM32G471VEI3, STM32G471VEI6, STM32G471VET3, STM32G471VET6, STM32G474CCT6, STM32H503CBT6, STM32H503CBU6, STM32H503EBY6TR, STM32H503KBU6, STM32H503RBT6, STM32H562AGI6, STM32H562AII6, STM32H562IGK6, STM32H562IGT6, STM32H562IIK6, STM32H562IIT6, STM32H562RGT6, STM32H562RGV6, STM32H562RIT6, STM32H562RIV6, STM32H562VGT6, STM32H562VIT6, STM32H562ZGT6, STM32H562ZIT6, STM32H563AGI6, STM32H563AII3Q, STM32H563AII6, STM32H563IGK6, STM32H563IGT6, STM32H563IIK3Q, STM32H563IIK6, STM32H563IIT3Q, STM32H563IIT6, STM32H563MIY3QTR, STM32H563RGT6, STM32H563RGV6, STM32H563RIT6, STM32H563RIV6, STM32H563VGT6, STM32H563VIT3Q, STM32H563VIT6, STM32H563ZGT6, STM32H563ZIT3Q, STM32H563ZIT6, STM32H573AII3Q, STM32H573AII6, STM32H573I-DK, STM32H573IIK3Q, STM32H573IIK6, STM32H573IIT3Q, STM32H573IIT6, STM32H573MIY3QTR, STM32H573RIT6, STM32H573RIV6, STM32H573VIT3Q, STM32H573VIT6, STM32H573ZIT3Q, STM32H573ZIT6, STM32L4R5QGI6STR, STM32MP131AAE3, STM32MP131AAF3, STM32MP131AAG3, STM32MP131CAE3, STM32MP131CAF3, STM32MP131CAG3, STM32MP131DAE7, STM32MP131DAF7, STM32MP131DAG7, STM32MP131FAE7, STM32MP131FAF7, STM32MP131FAG7, STM32MP133AAE3, STM32MP133AAF3, STM32MP133AAG3, STM32MP133CAE3, STM32MP133CAF3, STM32MP133CAG3, STM32MP133DAE7, STM32MP133DAF7, STM32MP133DAG7, STM32MP133FAE7, STM32MP133FAF7, STM32MP133FAG7, STM32MP135AAE3, STM32MP135AAF3, STM32MP135AAG3, STM32MP135CAE3, STM32MP135CAF3, STM32MP135CAG3, STM32MP135DAE7, STM32MP135DAF7, STM32MP135DAG7, STM32MP135F-DK, STM32MP135FAE7, STM32MP135FAF7, STM32MP135FAF7T, STM32MP135FAF7U, STM32MP135FAG7, STM32U535CBT6, STM32U535CBT6Q, STM32U535CBU6, STM32U535CBU6Q, STM32U535CCT6, STM32U535CCT6Q, STM32U535CCU6, STM32U535CCU6Q, STM32U535CET6, STM32U535CET6Q, STM32U535CEU6, STM32U535CEU6Q, STM32U535JEY6QTR, STM32U535NCY6QTR, STM32U535NEY6QTR, STM32U535RBI6, STM32U535RBI6Q, STM32U535RBT6, STM32U535RBT6Q, STM32U535RCI6, STM32U535RCI6Q, STM32U535RCT6, STM32U535RCT6Q, STM32U535REI6, STM32U535REI6Q, STM32U535RET6, STM32U535RET6Q, STM32U535VCI6, STM32U535VCI6Q, STM32U535VCT6, STM32U535VCT6Q, STM32U535VEI6, STM32U535VEI6Q, STM32U535VET6, STM32U535VET6Q, STM32U545CET6, STM32U545CET6Q, STM32U545CEU6, STM32U545CEU6Q, STM32U545JEY6QTR, STM32U545NEY6QTR, STM32U545REI6, STM32U545REI6Q, STM32U545RET6, STM32U545RET6Q, STM32U545VEI6, STM32U545VEI6Q, STM32U545VET6, STM32U545VET6Q, STM32U595AIH6, STM32U595AIH6Q, STM32U595AJH6, STM32U595AJH6Q, STM32U595QII6, STM32U595QII6Q, STM32U595QJI6, STM32U595QJI6Q, STM32U595RIT6, STM32U595RIT6Q, STM32U595RJT6, STM32U595RJT6Q, STM32U595VIT6, STM32U595VIT6Q, STM32U595VJT6, STM32U595VJT6Q, STM32U595ZIT6, STM32U595ZIT6Q, STM32U595ZIY6QTR, STM32U595ZJT6, STM32U595ZJT6Q, STM32U595ZJY6QTR, STM32U599BJY6QTR, STM32U599NIH6Q, STM32U599NJH6Q, STM32U599VIT6Q, STM32U599VJT6, STM32U599VJT6Q, STM32U599ZIT6Q, STM32U599ZIY6QTR, STM32U599ZJT6Q, STM32U599ZJY6QTR, STM32U5A5AJH6, STM32U5A5AJH6Q, STM32U5A5QJI6, STM32U5A5QJI6Q, STM32U5A5RJT6, STM32U5A5RJT6Q, STM32U5A5VJT6, STM32U5A5VJT6Q, STM32U5A5ZJT6, STM32U5A5ZJT6Q, STM32U5A5ZJY6QTR, STM32U5A9BJY6QTR, STM32U5A9J-DK, STM32U5A9NJH6Q, STM32U5A9VJT6Q, STM32U5A9ZJT6Q, STM32U5A9ZJY6QTR, STM32U5F7VIT6, STM32U5F7VIT6Q, STM32U5F7VJT6, STM32U5F7VJT6Q, STM32U5F9BJY6QTR, STM32U5F9NJH6Q, STM32U5F9VIT6Q, STM32U5F9VJT6Q, STM32U5F9ZIJ6QTR, STM32U5F9ZIT6Q, STM32U5F9ZJJ6QTR, STM32U5F9ZJT6Q, STM32U5G7VJT6, STM32U5G7VJT6Q, STM32U5G9BJY6QTR, STM32U5G9J-DK1, STM32U5G9J-DK2, STM32U5G9NJH6Q, STM32U5G9VJT6Q, STM32U5G9ZJJ6QTR, STM32U5G9ZJT6Q, STM32WB1MMCH6, STM32WBA52CEU6, STM32WBA52CEU6T, STM32WBA52CGU6, STM32WBA52CGU6T, STM32WBA52KEU6, STM32WBA52KEU6T, STM32WBA52KGU6, STM32WBA52KGU6T, STM32WL5MOCH6, STM32WL5MOCH6TR]
2023-11-15 18:49:01,388 [INFO] BoardInfo:880 - No configuration file found for board P-NUCLEO-WB55
2023-11-15 18:49:01,388 [INFO] DbBoards:157 - Kit is not supported: P-NUCLEO-WB55
2023-11-15 18:49:01,392 [INFO] BoardInfo:880 - No configuration file found for board STEVAL-BFA001V1B
2023-11-15 18:49:01,392 [INFO] DbBoards:157 - Kit is not supported: STEVAL-BFA001V1B
2023-11-15 18:49:01,393 [INFO] BoardInfo:880 - No configuration file found for board STEVAL-BFA001V2B
2023-11-15 18:49:01,393 [INFO] DbBoards:157 - Kit is not supported: STEVAL-BFA001V2B
2023-11-15 18:49:01,471 [INFO] DbBoards:161 - Found 190 boards, 187 are supported
2023-11-15 18:49:01,474 [INFO] ApiDb:668 - CubeFinder database Data Model version=2.1
2023-11-15 18:49:01,474 [INFO] ApiDb:669 - CubeFinder database Configuration version=3.0.37
2023-11-15 18:49:01,474 [INFO] ApiDb:670 - CubeFinder database generation date=2023-10-13 (1697197505)
2023-11-15 18:49:01,474 [INFO] ApiDb:671 - CubeFinder database FW Pack versions=[FP-ATR-ASTRA1_V2.0.0, FP-SNS-FLIGHT1_V5.0.1, FP-SNS-FLIGHT1_V5.0.2, FP-SNS-MOTENV1_V4.3.1, FP-SNS-MOTENV1_V4.3.2, FP-SNS-SMARTAG2_V1.2.0, I-CUBE-ITTIADB_V8.6.3-1, STM32Cube_FW_C0_V1.1.0, STM32Cube_FW_F4_V1.27.1, STM32Cube_FW_F7_V1.17.0, STM32Cube_FW_G0_V1.6.1, STM32Cube_FW_G4_V1.5.1, STM32Cube_FW_H5_V0.5.1, STM32Cube_FW_H5_V1.1.1, STM32Cube_FW_H7_V1.11.0, STM32Cube_FW_L0_V1.12.2, STM32Cube_FW_L5_V1.5.0, STM32Cube_FW_U5_V1.3.0, STM32Cube_FW_U5_V1.3.0RC4, STM32Cube_FW_WBA_V1.0.0RC1, STM32Cube_FW_WBA_V1.1.0RC1, STM32Cube_FW_WBA_V1.1.1, STM32Cube_FW_WB_V1.15.0RC1, STM32Cube_FW_WB_V1.16.0, STM32Cube_FW_WB_V1.16.0RC2, STM32Cube_FW_WB_V1.17.3, STM32Cube_FW_WL_V1.3.0, X-CUBE-ALGOBUILD_V1.3.0, X-CUBE-ALS_V1.0.1, X-CUBE-AZRTOS-F4_V1.1.0, X-CUBE-AZRTOS-F7_V1.1.0, X-CUBE-AZRTOS-G0_V1.1.0, X-CUBE-AZRTOS-G4_V2.0.0, X-CUBE-AZRTOS-H7_V3.1.0, X-CUBE-AZRTOS-L4_V1.0.0, X-CUBE-AZRTOS-L4_V2.0.0, X-CUBE-AZRTOS-L5_V1.1.0, X-CUBE-AZRTOS-WB_V2.0.0, X-CUBE-AZRTOS-WL_V2.0.0, X-CUBE-BLE1_V7.0.0, X-CUBE-BLE2_V3.3.0, X-CUBE-BLEMGR_V2.0.0, X-CUBE-EEPRMA1_V4.1.0, X-CUBE-FREERTOS_V1.1.0, X-CUBE-GNSS1_V6.0.0, X-CUBE-MEMS1_V10.0.0, X-CUBE-MEMS1_V9.1.0, X-CUBE-MEMS1_V9.4.0, X-CUBE-MEMS1_V9.6.0, X-CUBE-NFC4_V3.0.0, X-CUBE-NFC7_V1.0.1, X-CUBE-SFXS2LP1_V4.0.0, X-CUBE-SUBG2_V5.0.0, X-CUBE-TOF1_V3.3.1]
2023-11-15 18:49:03,244 [INFO] ApiDb:240 - Found 323 in-development CPN: [B-G473E-ZEST1S, B-WB1M-WPAN1, B-WL5M-SUBG1, NUCLEO-C031C6, NUCLEO-H503RB, NUCLEO-H563ZI, NUCLEO-U545RE-Q, NUCLEO-U5A5ZJ-Q, NUCLEO-WBA52CG, STEVAL-PROTEUS1, STEVAL-SMARTAG2, STEVAL-STWINBX1, STM320518-EVAL, STM32C0116-DK, STM32C011D6Y3TR, STM32C011D6Y6TR, STM32C011F4P3, STM32C011F4P6, STM32C011F4U3, STM32C011F4U6TR, STM32C011F6P3, STM32C011F6P6, STM32C011F6U3, STM32C011F6U6TR, STM32C011J4M3, STM32C011J4M6, STM32C011J6M3, STM32C011J6M6, STM32C0316-DK, STM32C031C4T3, STM32C031C4T6, STM32C031C4U3, STM32C031C4U6, STM32C031C6T3, STM32C031C6T6, STM32C031C6U3, STM32C031C6U6, STM32C031F4P3, STM32C031F4P6, STM32C031F6P3, STM32C031F6P6, STM32C031G4U3, STM32C031G4U6, STM32C031G6U3, STM32C031G6U6, STM32C031K4T3, STM32C031K4T6, STM32C031K4U3, STM32C031K4U6, STM32C031K6T3, STM32C031K6T6, STM32C031K6U3, STM32C031K6U6, STM32G071K8TXN, STM32G071K8UXN, STM32G081GBU6N, STM32G081KBT6N, STM32G081KBUXN, STM32G0B1CCT6N, STM32G0B1KCT6, STM32G0B1NEY6TR, STM32G0B1RCT6N, STM32G0C1CCT6, STM32G0C1CCT6N, STM32G0C1CCU6N, STM32G0C1CET6N, STM32G0C1CEU6N, STM32G0C1KCT6, STM32G0C1NEY6TR, STM32G0C1RCI6N, STM32G0C1RCT6N, STM32G0C1REI6N, STM32G0C1RET6N, STM32G0C1VCI6, STM32G0C1VEI6, STM32G471CCT6, STM32G471CCU6, STM32G471CET3, STM32G471CET6, STM32G471CEU3, STM32G471CEU6, STM32G471MCT6, STM32G471MET3, STM32G471MET6, STM32G471MEY6TR, STM32G471QCT6, STM32G471QET3, STM32G471RCT6, STM32G471RET3, STM32G471RET6, STM32G471VCH6, STM32G471VCI6, STM32G471VCT6, STM32G471VEH3, STM32G471VEH6, STM32G471VEI3, STM32G471VEI6, STM32G471VET3, STM32G471VET6, STM32G474CCT6, STM32H503CBT6, STM32H503CBU6, STM32H503EBY6TR, STM32H503KBU6, STM32H503RBT6, STM32H562AGI6, STM32H562AII6, STM32H562IGK6, STM32H562IGT6, STM32H562IIK6, STM32H562IIT6, STM32H562RGT6, STM32H562RGV6, STM32H562RIT6, STM32H562RIV6, STM32H562VGT6, STM32H562VIT6, STM32H562ZGT6, STM32H562ZIT6, STM32H563AGI6, STM32H563AII3Q, STM32H563AII6, STM32H563IGK6, STM32H563IGT6, STM32H563IIK3Q, STM32H563IIK6, STM32H563IIT3Q, STM32H563IIT6, STM32H563MIY3QTR, STM32H563RGT6, STM32H563RGV6, STM32H563RIT6, STM32H563RIV6, STM32H563VGT6, STM32H563VIT3Q, STM32H563VIT6, STM32H563ZGT6, STM32H563ZIT3Q, STM32H563ZIT6, STM32H573AII3Q, STM32H573AII6, STM32H573I-DK, STM32H573IIK3Q, STM32H573IIK6, STM32H573IIT3Q, STM32H573IIT6, STM32H573MIY3QTR, STM32H573RIT6, STM32H573RIV6, STM32H573VIT3Q, STM32H573VIT6, STM32H573ZIT3Q, STM32H573ZIT6, STM32L4R5QGI6STR, STM32MP131AAE3, STM32MP131AAF3, STM32MP131AAG3, STM32MP131CAE3, STM32MP131CAF3, STM32MP131CAG3, STM32MP131DAE7, STM32MP131DAF7, STM32MP131DAG7, STM32MP131FAE7, STM32MP131FAF7, STM32MP131FAG7, STM32MP133AAE3, STM32MP133AAF3, STM32MP133AAG3, STM32MP133CAE3, STM32MP133CAF3, STM32MP133CAG3, STM32MP133DAE7, STM32MP133DAF7, STM32MP133DAG7, STM32MP133FAE7, STM32MP133FAF7, STM32MP133FAG7, STM32MP135AAE3, STM32MP135AAF3, STM32MP135AAG3, STM32MP135CAE3, STM32MP135CAF3, STM32MP135CAG3, STM32MP135DAE7, STM32MP135DAF7, STM32MP135DAG7, STM32MP135F-DK, STM32MP135FAE7, STM32MP135FAF7, STM32MP135FAF7T, STM32MP135FAF7U, STM32MP135FAG7, STM32U535CBT6, STM32U535CBT6Q, STM32U535CBU6, STM32U535CBU6Q, STM32U535CCT6, STM32U535CCT6Q, STM32U535CCU6, STM32U535CCU6Q, STM32U535CET6, STM32U535CET6Q, STM32U535CEU6, STM32U535CEU6Q, STM32U535JEY6QTR, STM32U535NCY6QTR, STM32U535NEY6QTR, STM32U535RBI6, STM32U535RBI6Q, STM32U535RBT6, STM32U535RBT6Q, STM32U535RCI6, STM32U535RCI6Q, STM32U535RCT6, STM32U535RCT6Q, STM32U535REI6, STM32U535REI6Q, STM32U535RET6, STM32U535RET6Q, STM32U535VCI6, STM32U535VCI6Q, STM32U535VCT6, STM32U535VCT6Q, STM32U535VEI6, STM32U535VEI6Q, STM32U535VET6, STM32U535VET6Q, STM32U545CET6, STM32U545CET6Q, STM32U545CEU6, STM32U545CEU6Q, STM32U545JEY6QTR, STM32U545NEY6QTR, STM32U545REI6, STM32U545REI6Q, STM32U545RET6, STM32U545RET6Q, STM32U545VEI6, STM32U545VEI6Q, STM32U545VET6, STM32U545VET6Q, STM32U595AIH6, STM32U595AIH6Q, STM32U595AJH6, STM32U595AJH6Q, STM32U595QII6, STM32U595QII6Q, STM32U595QJI6, STM32U595QJI6Q, STM32U595RIT6, STM32U595RIT6Q, STM32U595RJT6, STM32U595RJT6Q, STM32U595VIT6, STM32U595VIT6Q, STM32U595VJT6, STM32U595VJT6Q, STM32U595ZIT6, STM32U595ZIT6Q, STM32U595ZIY6QTR, STM32U595ZJT6, STM32U595ZJT6Q, STM32U595ZJY6QTR, STM32U599BJY6QTR, STM32U599NIH6Q, STM32U599NJH6Q, STM32U599VIT6Q, STM32U599VJT6, STM32U599VJT6Q, STM32U599ZIT6Q, STM32U599ZIY6QTR, STM32U599ZJT6Q, STM32U599ZJY6QTR, STM32U5A5AJH6, STM32U5A5AJH6Q, STM32U5A5QJI6, STM32U5A5QJI6Q, STM32U5A5RJT6, STM32U5A5RJT6Q, STM32U5A5VJT6, STM32U5A5VJT6Q, STM32U5A5ZJT6, STM32U5A5ZJT6Q, STM32U5A5ZJY6QTR, STM32U5A9BJY6QTR, STM32U5A9J-DK, STM32U5A9NJH6Q, STM32U5A9VJT6Q, STM32U5A9ZJT6Q, STM32U5A9ZJY6QTR, STM32U5F7VIT6, STM32U5F7VIT6Q, STM32U5F7VJT6, STM32U5F7VJT6Q, STM32U5F9BJY6QTR, STM32U5F9NJH6Q, STM32U5F9VIT6Q, STM32U5F9VJT6Q, STM32U5F9ZIJ6QTR, STM32U5F9ZIT6Q, STM32U5F9ZJJ6QTR, STM32U5F9ZJT6Q, STM32U5G7VJT6, STM32U5G7VJT6Q, STM32U5G9BJY6QTR, STM32U5G9J-DK1, STM32U5G9J-DK2, STM32U5G9NJH6Q, STM32U5G9VJT6Q, STM32U5G9ZJJ6QTR, STM32U5G9ZJT6Q, STM32WB1MMCH6, STM32WBA52CEU6, STM32WBA52CEU6T, STM32WBA52CGU6, STM32WBA52CGU6T, STM32WBA52KEU6, STM32WBA52KEU6T, STM32WBA52KGU6, STM32WBA52KGU6T, STM32WL5MOCH6, STM32WL5MOCH6TR]
2023-11-15 18:49:03,248 [INFO] DbMcus:217 - Found 3848 MCUs, 3848 are supported
2023-11-15 18:49:03,249 [INFO] ApiDb:423 - Load user favorites file C:\Users\Asus/.stm32cubeide/favorites.mcus.txt: 0 item(s)
2023-11-15 18:49:03,249 [INFO] ApiDb:427 - User favorites MCUs=[]
2023-11-15 18:49:03,249 [INFO] DbMcus:223 - Set 0 / 0 favorites MCUs
2023-11-15 18:49:03,527 [INFO] ApiDb:414 - User favorites file not found: C:\Users\Asus/.stm32cubeide/favorites.boards.txt
2023-11-15 18:49:03,527 [INFO] DbBoards:190 - Set 0 / 0 favorites Boards
2023-11-15 18:49:03,527 [INFO] McuFinderGlobals:76 - Set McuFinderConnectedMode to true
2023-11-15 18:49:03,532 [INFO] MultiScanPanel:200 - Auto-refresh data requested => check proxy status ongoing
2023-11-15 18:49:03,535 [INFO] FinderPluginLoader:95 - Searching for filters in installed packs
2023-11-15 18:49:04,929 [INFO] LoadUrlFilesThread:185 - End of LoadServerUrlFiles without Thread
2023-11-15 18:49:04,935 [INFO] DetailPanel:341 - Set advertising image to C:/Users/Asus/STM32Cube/Repository/\en.prom-stm32h5-mcu-finder.jpg
2023-11-15 18:49:22,217 [ERROR] LogOutputStream:75 - [STDERR_REDIRECT] SLF4J: Failed to load class "org.slf4j.impl.StaticLoggerBinder".
2023-11-15 18:49:22,218 [ERROR] LogOutputStream:75 - [STDERR_REDIRECT] SLF4J: Defaulting to no-operation (NOP) logger implementation
2023-11-15 18:49:22,219 [ERROR] LogOutputStream:75 - [STDERR_REDIRECT] SLF4J: See http://www.slf4j.org/codes.html#StaticLoggerBinder for further details.
2023-11-15 18:50:57,650 [INFO] MainUpdater:2868 - connection check result : 10
2023-11-15 18:50:57,650 [INFO] MainUpdater:2868 - connection check result : 10
2023-11-15 18:50:57,696 [INFO] MicroXplorer:468 - Change Database Path : 
2023-11-15 18:50:57,696 [INFO] MicroXplorer:498 - Change Database Version : DB.6.0.92
2023-11-15 18:50:57,702 [WARN] ThirdParty:871 - waiting for thirdparty lock release [close project]
2023-11-15 18:50:57,703 [INFO] ThirdParty:873 - entering critical section [close project]
2023-11-15 18:50:57,704 [INFO] ThirdParty:883 - exiting critical section [close project]
2023-11-15 18:50:57,707 [INFO] PinOutPanel:1499 - setPackage(No Configuration,No Configuration)
2023-11-15 18:50:57,718 [INFO] UtilMem:75 - Begin LoadConfig() Used Memory: 522650656 Bytes (786432000)
2023-11-15 18:50:57,721 [INFO] MicroXplorer:468 - Change Database Path : 
2023-11-15 18:50:57,721 [INFO] MicroXplorer:498 - Change Database Version : DB.6.0.92
2023-11-15 18:50:57,721 [INFO] OpenFileManager:308 - Change cursor
2023-11-15 18:50:57,772 [INFO] Mcu:1946 - Initializing MCU STM32F103C6Tx STM32F103C6Tx STM32F103C6T6A
2023-11-15 18:50:59,051 [INFO] Context:659 - Trying to add GPIOservice into a context  which must be forbidden
2023-11-15 18:50:59,340 [INFO] ImportTextPane:194 - (OptionalMessage_ERROR) Unable to find key (Mcu.ThirdPartyNb) in loaded IOC file
2023-11-15 18:50:59,340 [INFO] ImportTextPane:194 - (OptionalMessage_ERROR) Unable to find key (Mcu.PinsNb) in loaded IOC file
2023-11-15 18:50:59,341 [INFO] ImportTextPane:194 - (OptionalMessage_ERROR) Unable to find key (Mcu.IPNb) in loaded IOC file
2023-11-15 18:50:59,451 [INFO] RtosManager:555 - Registered RTOS mode: class=CMSIS, group=RTOS, mode=CMSIS_V1, owner=FREERTOS
2023-11-15 18:50:59,451 [INFO] RtosManager:555 - Registered RTOS mode: class=CMSIS, group=RTOS2, mode=CMSIS_V2, owner=FREERTOS
2023-11-15 18:50:59,451 [INFO] RtosManager:555 - Registered RTOS mode: class=RTOS, group=Core, mode=CMSIS_V1, owner=FREERTOS
2023-11-15 18:50:59,451 [INFO] RtosManager:555 - Registered RTOS mode: class=RTOS, group=Core, mode=CMSIS_V2, owner=FREERTOS
2023-11-15 18:50:59,451 [WARN] ModelIntegratedComponent:184 - Missing modes for component STMicroelectronics:FreeRTOS:0.0.1:STMicroelectronics:RTOS:FreeRTOS:Core:::10.2.0:
2023-11-15 18:50:59,498 [WARN] ModelIntegratedComponent:63 - No mode defined for component null
2023-11-15 18:50:59,498 [WARN] ModelIntegratedComponent:63 - No mode defined for component null
2023-11-15 18:50:59,498 [WARN] ModelIntegratedComponent:63 - No mode defined for component null
2023-11-15 18:50:59,498 [WARN] ModelIntegratedComponent:63 - No mode defined for component null
2023-11-15 18:50:59,498 [WARN] ModelIntegratedComponent:63 - No mode defined for component null
2023-11-15 18:50:59,498 [WARN] ModelIntegratedComponent:63 - No mode defined for component null
2023-11-15 18:50:59,499 [WARN] ModelIntegratedComponent:63 - No mode defined for component null
2023-11-15 18:50:59,499 [WARN] ModelIntegratedComponent:63 - No mode defined for component null
2023-11-15 18:50:59,499 [WARN] ModelIntegratedComponent:63 - No mode defined for component null
2023-11-15 18:50:59,499 [WARN] ModelIntegratedComponent:63 - No mode defined for component null
2023-11-15 18:50:59,499 [WARN] ModelIntegratedComponent:63 - No mode defined for component null
2023-11-15 18:50:59,499 [WARN] ModelIntegratedComponent:63 - No mode defined for component null
2023-11-15 18:50:59,499 [WARN] ModelIntegratedComponent:63 - No mode defined for component null
2023-11-15 18:50:59,499 [WARN] ModelIntegratedComponent:63 - No mode defined for component null
2023-11-15 18:50:59,499 [WARN] ModelIntegratedComponent:63 - No mode defined for component null
2023-11-15 18:50:59,500 [WARN] ModelIntegratedComponent:63 - No mode defined for component null
2023-11-15 18:50:59,500 [WARN] ModelIntegratedComponent:63 - No mode defined for component null
2023-11-15 18:50:59,500 [WARN] ModelIntegratedComponent:63 - No mode defined for component null
2023-11-15 18:50:59,500 [WARN] ModelIntegratedComponent:63 - No mode defined for component null
2023-11-15 18:50:59,500 [WARN] ModelIntegratedComponent:63 - No mode defined for component null
2023-11-15 18:50:59,500 [WARN] ModelIntegratedComponent:63 - No mode defined for component null
2023-11-15 18:50:59,500 [WARN] ModelIntegratedComponent:63 - No mode defined for component null
2023-11-15 18:50:59,501 [WARN] ModelIntegratedComponent:63 - No mode defined for component null
2023-11-15 18:50:59,501 [WARN] ModelIntegratedComponent:63 - No mode defined for component null
2023-11-15 18:50:59,501 [WARN] ModelIntegratedComponent:63 - No mode defined for component null
2023-11-15 18:50:59,501 [WARN] ModelIntegratedComponent:63 - No mode defined for component null
2023-11-15 18:50:59,501 [WARN] ModelIntegratedComponent:63 - No mode defined for component null
2023-11-15 18:50:59,501 [WARN] ModelIntegratedComponent:63 - No mode defined for component null
2023-11-15 18:50:59,501 [WARN] ModelIntegratedComponent:63 - No mode defined for component null
2023-11-15 18:50:59,501 [WARN] ModelIntegratedComponent:63 - No mode defined for component null
2023-11-15 18:50:59,501 [WARN] ModelIntegratedComponent:63 - No mode defined for component null
2023-11-15 18:50:59,501 [WARN] ModelIntegratedComponent:63 - No mode defined for component null
2023-11-15 18:50:59,501 [WARN] ModelIntegratedComponent:63 - No mode defined for component null
2023-11-15 18:50:59,715 [INFO] ThirdPartyModel:298 - Start build external matchings
2023-11-15 18:51:00,150 [INFO] ThirdPartyModel:316 - End build external matchings
2023-11-15 18:51:00,384 [INFO] UtilMem:75 - End LoadConfig() Used Memory: 460784744 Bytes (901775360)
2023-11-15 18:51:00,432 [WARN] ThirdParty:833 - waiting for thirdparty lock release [change project]
2023-11-15 18:51:00,432 [INFO] ThirdParty:835 - entering critical section [change project]
2023-11-15 18:51:00,432 [INFO] ThirdParty:1030 - CMSIS Pack Vendor :STMicroelectronics X-CUBE-ISPU 1.1.0
2023-11-15 18:51:00,433 [INFO] ThirdParty:1030 - CMSIS Pack Vendor :STMicroelectronics USBPD 4.1
2023-11-15 18:51:00,433 [INFO] ThirdParty:1030 - CMSIS Pack Vendor :STMicroelectronics X-CUBE-GNSS1 6.0.0
2023-11-15 18:51:00,433 [INFO] ThirdParty:1030 - CMSIS Pack Vendor :STMicroelectronics USB_HOST 2.0.0
2023-11-15 18:51:00,433 [INFO] ThirdParty:1030 - CMSIS Pack Vendor :STMicroelectronics X-CUBE-AZRTOS-F4 1.1.0
2023-11-15 18:51:00,433 [INFO] ThirdParty:1030 - CMSIS Pack Vendor :STMicroelectronics LIBJPEG 8.0.0
2023-11-15 18:51:00,433 [INFO] ThirdParty:1030 - CMSIS Pack Vendor :wolfSSL I-CUBE-wolfSSL 5.6.4
2023-11-15 18:51:00,433 [INFO] ThirdParty:1030 - CMSIS Pack Vendor :STMicroelectronics X-CUBE-SMBUS 2.1.0
2023-11-15 18:51:00,433 [INFO] ThirdParty:1030 - CMSIS Pack Vendor :STMicroelectronics USB_DEVICE 3.0.0
2023-11-15 18:51:00,433 [INFO] ThirdParty:1030 - CMSIS Pack Vendor :STMicroelectronics X-CUBE-AZRTOS-WB 2.0.0
2023-11-15 18:51:00,433 [INFO] ThirdParty:1030 - CMSIS Pack Vendor :STMicroelectronics X-CUBE-AZRTOS-F7 1.1.0
2023-11-15 18:51:00,433 [INFO] ThirdParty:1030 - CMSIS Pack Vendor :STMicroelectronics X-CUBE-AZRTOS-L5 2.0.0
2023-11-15 18:51:00,433 [INFO] ThirdParty:1030 - CMSIS Pack Vendor :STMicroelectronics USB_DEVICE 2.0.0
2023-11-15 18:51:00,433 [INFO] ThirdParty:1030 - CMSIS Pack Vendor :STMicroelectronics X-CUBE-EEPRMA1 4.2.0
2023-11-15 18:51:00,433 [INFO] ThirdParty:1030 - CMSIS Pack Vendor :ITTIA_DB I-CUBE-ITTIADB 8.8.0
2023-11-15 18:51:00,433 [INFO] ThirdParty:1030 - CMSIS Pack Vendor :STMicroelectronics FP-SNS-MOTENV1 4.3.2
2023-11-15 18:51:00,433 [INFO] ThirdParty:1030 - CMSIS Pack Vendor :STMicroelectronics X-CUBE-ALGOBUILD 1.3.0
2023-11-15 18:51:00,434 [INFO] ThirdParty:1030 - CMSIS Pack Vendor :STMicroelectronics FreeRTOS 0.0.1
2023-11-15 18:51:00,434 [INFO] ThirdParty:1030 - CMSIS Pack Vendor :STMicroelectronics X-CUBE-AZRTOS-G0 1.1.0
2023-11-15 18:51:00,434 [INFO] ThirdParty:1030 - CMSIS Pack Vendor :STMicroelectronics X-CUBE-NFC4 3.0.0
2023-11-15 18:51:00,434 [INFO] ThirdParty:1030 - CMSIS Pack Vendor :STMicroelectronics X-CUBE-SUBG2 5.0.0
2023-11-15 18:51:00,434 [INFO] ThirdParty:1030 - CMSIS Pack Vendor :STMicroelectronics STM32_WPAN 1.0.0
2023-11-15 18:51:00,434 [INFO] ThirdParty:1030 - CMSIS Pack Vendor :STMicroelectronics lwIP 2.0.3
2023-11-15 18:51:00,434 [INFO] ThirdParty:1030 - CMSIS Pack Vendor :STMicroelectronics FP-SNS-FLIGHT1 5.0.2
2023-11-15 18:51:00,434 [INFO] ThirdParty:1030 - CMSIS Pack Vendor :STMicroelectronics USB_HOST 1.0.0
2023-11-15 18:51:00,434 [INFO] ThirdParty:1030 - CMSIS Pack Vendor :STMicroelectronics X-CUBE-TOF1 3.3.1
2023-11-15 18:51:00,434 [INFO] ThirdParty:1030 - CMSIS Pack Vendor :STMicroelectronics X-CUBE-AZRTOS-G4 2.0.0
2023-11-15 18:51:00,435 [INFO] ThirdParty:1030 - CMSIS Pack Vendor :STMicroelectronics PDM2PCM 3.1.0
2023-11-15 18:51:00,435 [INFO] ThirdParty:1030 - CMSIS Pack Vendor :STMicroelectronics X-CUBE-AZRTOS-H7 3.1.0
2023-11-15 18:51:00,435 [INFO] ThirdParty:1030 - CMSIS Pack Vendor :Infineon AIROC-Wi-Fi-Bluetooth-STM32 1.5.1
2023-11-15 18:51:00,435 [INFO] ThirdParty:1030 - CMSIS Pack Vendor :STMicroelectronics X-CUBE-BLEMGR 3.0.0
2023-11-15 18:51:00,436 [INFO] ThirdParty:1030 - CMSIS Pack Vendor :STMicroelectronics PDM2PCM 3.3.0
2023-11-15 18:51:00,436 [INFO] ThirdParty:1030 - CMSIS Pack Vendor :STMicroelectronics X-CUBE-DISPLAY 3.0.0
2023-11-15 18:51:00,436 [INFO] ThirdParty:1030 - CMSIS Pack Vendor :STMicroelectronics FP-SNS-MOTENVWB1 1.3.0
2023-11-15 18:51:00,436 [INFO] ThirdParty:1030 - CMSIS Pack Vendor :STMicroelectronics X-CUBE-BLE1 7.0.0
2023-11-15 18:51:00,437 [INFO] ThirdParty:1030 - CMSIS Pack Vendor :STMicroelectronics FP-ATR-SIGFOX1 3.2.0
2023-11-15 18:51:00,438 [INFO] ThirdParty:1030 - CMSIS Pack Vendor :STMicroelectronics HAL Drivers 0.0.0
2023-11-15 18:51:00,438 [INFO] ThirdParty:1030 - CMSIS Pack Vendor :STMicroelectronics MBEDTLS 2.16.2
2023-11-15 18:51:00,438 [INFO] ThirdParty:1030 - CMSIS Pack Vendor :emotas I-CUBE-CANOPEN 1.3.0
2023-11-15 18:51:00,439 [INFO] ThirdParty:1030 - CMSIS Pack Vendor :STMicroelectronics X-CUBE-MEMS1 10.0.0
2023-11-15 18:51:00,439 [INFO] ThirdParty:1030 - CMSIS Pack Vendor :STMicroelectronics X-CUBE-FREERTOS 1.1.0
2023-11-15 18:51:00,439 [INFO] ThirdParty:1030 - CMSIS Pack Vendor :STMicroelectronics X-CUBE-NFC7 1.0.1
2023-11-15 18:51:00,439 [INFO] ThirdParty:1030 - CMSIS Pack Vendor :STMicroelectronics MBEDTLS 2.14.1
2023-11-15 18:51:00,440 [INFO] ThirdParty:1030 - CMSIS Pack Vendor :STMicroelectronics X-CUBE-TOUCHGFX 4.22.1
2023-11-15 18:51:00,440 [INFO] ThirdParty:1030 - CMSIS Pack Vendor :STMicroelectronics X-CUBE-NFC6 3.0.0
2023-11-15 18:51:00,440 [INFO] ThirdParty:1030 - CMSIS Pack Vendor :portGmbH I-Cube-SoM-uGOAL 1.1.0
2023-11-15 18:51:00,440 [INFO] ThirdParty:1030 - CMSIS Pack Vendor :STMicroelectronics X-CUBE-ALS 1.0.1
2023-11-15 18:51:00,440 [INFO] ThirdParty:1030 - CMSIS Pack Vendor :STMicroelectronics ThreadX 1.0.0
2023-11-15 18:51:00,440 [INFO] ThirdParty:1030 - CMSIS Pack Vendor :STMicroelectronics FP-SNS-SMARTAG2 1.2.0
2023-11-15 18:51:00,440 [INFO] ThirdParty:1030 - CMSIS Pack Vendor :STMicroelectronics X-CUBE-AZRTOS-WL 2.0.0
2023-11-15 18:51:00,440 [INFO] ThirdParty:1030 - CMSIS Pack Vendor :STMicroelectronics USB_DEVICE 1.0.0
2023-11-15 18:51:00,441 [INFO] ThirdParty:1030 - CMSIS Pack Vendor :STMicroelectronics X-CUBE-AI 8.1.0
2023-11-15 18:51:00,441 [INFO] ThirdParty:1030 - CMSIS Pack Vendor :STMicroelectronics X-CUBE-AZRTOS-L4 2.0.0
2023-11-15 18:51:00,441 [INFO] ThirdParty:1030 - CMSIS Pack Vendor :STMicroelectronics ThreadX 0.0.2
2023-11-15 18:51:00,441 [INFO] ThirdParty:1030 - CMSIS Pack Vendor :WES I-CUBE-Cesium 1.3.0
2023-11-15 18:51:00,441 [INFO] ThirdParty:1030 - CMSIS Pack Vendor :STMicroelectronics FP-ATR-ASTRA1 2.0.0
2023-11-15 18:51:00,441 [INFO] ThirdParty:1030 - CMSIS Pack Vendor :STMicroelectronics lwIP 2.1.2
2023-11-15 18:51:00,441 [INFO] ThirdParty:1030 - CMSIS Pack Vendor :STMicroelectronics X-CUBE-SFXS2LP1 4.0.0
2023-11-15 18:51:00,441 [INFO] ThirdParty:1030 - CMSIS Pack Vendor :STMicroelectronics X-CUBE-BLE2 3.3.0
2023-11-15 18:51:00,441 [INFO] ThirdParty:1030 - CMSIS Pack Vendor :STMicroelectronics PDM2PCM 3.2.0
2023-11-15 18:51:00,441 [INFO] ThirdParty:841 - exiting critical section [change project]
2023-11-15 18:51:00,775 [INFO] PinOutPanel:1499 - setPackage(No Configuration,No Configuration)
2023-11-15 18:51:00,776 [INFO] PinOutPanel:1499 - setPackage(STM32F103C6Tx,LQFP48)
2023-11-15 18:51:01,493 [INFO] UtilMem:75 - Before build in PCC Used Memory: 468116744 Bytes (901775360)
2023-11-15 18:51:03,083 [INFO] UtilMem:75 - After build in PCC Used Memory: 529458536 Bytes (901775360)
2023-11-15 18:51:03,123 [INFO] IPUIPlugin:80 - create IPUIPlugin
2023-11-15 18:51:03,123 [INFO] IPUIPlugin:80 - create IPUIPlugin
2023-11-15 18:51:03,123 [INFO] IPUIPlugin:80 - create IPUIPlugin
2023-11-15 18:51:03,123 [INFO] IPUIPlugin:80 - create IPUIPlugin
2023-11-15 18:51:03,123 [INFO] IPUIPlugin:80 - create IPUIPlugin
2023-11-15 18:51:03,123 [INFO] IPUIPlugin:80 - create IPUIPlugin
2023-11-15 18:51:03,123 [INFO] IPUIPlugin:80 - create IPUIPlugin
2023-11-15 18:51:03,124 [INFO] IPUIPlugin:80 - create IPUIPlugin
2023-11-15 18:51:03,124 [INFO] IPUIPlugin:80 - create IPUIPlugin
2023-11-15 18:51:03,124 [INFO] IPUIPlugin:80 - create IPUIPlugin
2023-11-15 18:51:03,124 [INFO] IPUIPlugin:80 - create IPUIPlugin
2023-11-15 18:51:03,124 [INFO] IPUIPlugin:80 - create IPUIPlugin
2023-11-15 18:51:03,125 [INFO] IPUIPlugin:80 - create IPUIPlugin
2023-11-15 18:51:03,125 [INFO] IPUIPlugin:80 - create IPUIPlugin
2023-11-15 18:51:03,126 [INFO] IPUIPlugin:80 - create IPUIPlugin
2023-11-15 18:51:03,126 [INFO] IPUIPlugin:80 - create IPUIPlugin
2023-11-15 18:51:03,127 [INFO] IPUIPlugin:80 - create IPUIPlugin
2023-11-15 18:51:03,127 [INFO] IPUIPlugin:80 - create IPUIPlugin
2023-11-15 18:51:03,127 [INFO] IPUIPlugin:80 - create IPUIPlugin
2023-11-15 18:51:03,128 [INFO] IPUIPlugin:80 - create IPUIPlugin
2023-11-15 18:51:03,128 [INFO] IPUIPlugin:80 - create IPUIPlugin
2023-11-15 18:51:03,129 [INFO] IPUIPlugin:80 - create IPUIPlugin
2023-11-15 18:51:03,129 [INFO] IPUIPlugin:80 - create IPUIPlugin
2023-11-15 18:51:03,476 [INFO] CADModel:165 - CPN selected for project levelSTM32F103C6T6A
2023-11-15 18:51:03,476 [INFO] CADModel:114 - Register for checkConnection events
2023-11-15 18:51:03,534 [INFO] OpenFileManager:328 - Restore cursor
2023-11-15 18:51:05,965 [INFO] UtilMem:75 - End SaveConfig() Used Memory: 594973344 Bytes (901775360)
2023-11-15 18:51:06,020 [INFO] UtilMem:75 - End SaveConfig() Used Memory: 604859360 Bytes (901775360)
2023-11-15 18:51:06,569 [INFO] BlockDiagram:2759 - set Specific Code input for plugin: NVIC
2023-11-15 18:51:06,569 [INFO] BlockDiagram:2759 - set Specific Code input for plugin: RCC
2023-11-15 18:51:06,573 [INFO] CodeGenerator:799 - code generatio: config db path: D:\ST\STM32CubeIDE_1.13.2\STM32CubeIDE\plugins\com.st.stm32cube.common.mx_6.9.2.202309101412\\db\
2023-11-15 18:51:06,958 [INFO] CodeEngine:255 - oldGeneratedFile, C:\Users\Asus\Desktop\STM\Prvi_mini_projekat\MXTmpFiles\license.tmp_save
2023-11-15 18:51:07,588 [INFO] CodeEngine:279 - Generated code: C:\Users\Asus\Desktop\STM\Prvi_mini_projekat\MXTmpFiles\license.tmp
2023-11-15 18:51:07,623 [INFO] CodeEngine:255 - oldGeneratedFile, C:\Users\Asus\Desktop\STM\Prvi_mini_projekat\Core\Src\stm32f1xx_it.c_save
2023-11-15 18:51:07,939 [INFO] CodeEngine:279 - Generated code: C:\Users\Asus\Desktop\STM\Prvi_mini_projekat\Core\Src\stm32f1xx_it.c
2023-11-15 18:51:07,960 [INFO] CodeEngine:255 - oldGeneratedFile, C:\Users\Asus\Desktop\STM\Prvi_mini_projekat\Core\Inc\stm32f1xx_it.h_save
2023-11-15 18:51:08,095 [INFO] CodeEngine:279 - Generated code: C:\Users\Asus\Desktop\STM\Prvi_mini_projekat\Core\Inc\stm32f1xx_it.h
2023-11-15 18:51:08,394 [INFO] CodeEngine:255 - oldGeneratedFile, C:\Users\Asus\Desktop\STM\Prvi_mini_projekat\Core\Src\stm32f1xx_hal_msp.c_save
2023-11-15 18:51:08,604 [INFO] CodeEngine:279 - Generated code: C:\Users\Asus\Desktop\STM\Prvi_mini_projekat\Core\Src\stm32f1xx_hal_msp.c
2023-11-15 18:51:08,622 [INFO] CodeEngine:255 - oldGeneratedFile, C:\Users\Asus\Desktop\STM\Prvi_mini_projekat\MXTmpFiles\system.tmp_save
2023-11-15 18:51:08,709 [INFO] CodeEngine:279 - Generated code: C:\Users\Asus\Desktop\STM\Prvi_mini_projekat\MXTmpFiles\system.tmp
2023-11-15 18:51:08,730 [INFO] CodeEngine:311 - oldGeneratedFile, C:\Users\Asus\Desktop\STM\Prvi_mini_projekat\Core\Inc\stm32f1xx_hal_conf.h_save
2023-11-15 18:51:08,877 [INFO] CodeEngine:335 - Generated code: C:\Users\Asus\Desktop\STM\Prvi_mini_projekat\Core\Inc\stm32f1xx_hal_conf.h
2023-11-15 18:51:08,937 [INFO] CodeEngine:255 - oldGeneratedFile, C:\Users\Asus\Desktop\STM\Prvi_mini_projekat\Core\Inc\main.h_save
2023-11-15 18:51:09,087 [INFO] CodeEngine:279 - Generated code: C:\Users\Asus\Desktop\STM\Prvi_mini_projekat\Core\Inc\main.h
2023-11-15 18:51:09,106 [INFO] CodeEngine:255 - oldGeneratedFile, C:\Users\Asus\Desktop\STM\Prvi_mini_projekat\Core\Src\main.c_save
2023-11-15 18:51:09,302 [INFO] CodeEngine:279 - Generated code: C:\Users\Asus\Desktop\STM\Prvi_mini_projekat\Core\Src\main.c
2023-11-15 18:51:09,947 [INFO] ProjectBuilder:3064 - Time for Copy HAL[1] : 161mS.
2023-11-15 18:51:09,953 [INFO] ProjectBuilder:4404 - Project Generator version: 4.1.0
2023-11-15 18:51:10,323 [INFO] ConfigFileManager:1457 - The Die is : DIE412
2023-11-15 18:51:10,353 [INFO] ApiDbMcu:507 - Load IP Config File for FATFS
2023-11-15 18:51:10,378 [INFO] ApiDbMcu:507 - Load IP Config File for FREERTOS
2023-11-15 18:51:10,400 [INFO] ApiDbMcu:507 - Load IP Config File for USB_DEVICE
2023-11-15 18:51:11,550 [INFO] LogOutputStream:77 - [STDOUT_REDIRECT] 
2023-11-15 18:51:14,798 [INFO] ProjectBuilder:4626 - Time for Generating toolchain IDE Files: 4845mS.
2023-11-15 18:51:14,799 [INFO] ProjectBuilder:2935 - Time for Copy CMSIS : 1mS.
2023-11-15 18:51:14,803 [INFO] ProjectBuilder:2935 - Time for Copy CMSIS : 0mS.
2023-11-15 18:51:16,381 [INFO] McuFinderGlobals:76 - Set McuFinderConnectedMode to true
2023-11-15 18:51:16,386 [INFO] ApiDb:448 - Save user favorites file C:\Users\Asus/.stm32cubeide/favorites.mcus.txt: 0 item(s)
2023-11-15 18:51:16,386 [INFO] ApiDb:452 - User favorites MCUs=[]
2023-11-15 18:51:21,571 [INFO] McuFinderGlobals:63 - Set McuFinder mode to 2 (CubeIDE integrated)
2023-11-15 18:51:21,571 [INFO] UserAuth:179 - activating auth plugin
2023-11-15 18:51:21,579 [INFO] UserAuth:393 - Internet connection configuration mode: 1
2023-11-15 18:52:16,994 [INFO] WebApp:588 - userauth.ini deleted or not created
2023-11-15 19:08:58,127 [INFO] UtilMem:75 - End SaveConfig() Used Memory: 724793248 Bytes (1073741824)
2023-11-15 19:09:00,908 [INFO] UtilMem:75 - End SaveConfig() Used Memory: 742445808 Bytes (1073741824)
2023-11-15 19:09:04,425 [INFO] UtilMem:75 - End SaveConfig() Used Memory: 880729880 Bytes (1073741824)
2023-11-15 19:09:04,920 [INFO] BlockDiagram:2759 - set Specific Code input for plugin: NVIC
2023-11-15 19:09:04,921 [INFO] BlockDiagram:2759 - set Specific Code input for plugin: GPIO
2023-11-15 19:09:04,921 [INFO] BlockDiagram:2759 - set Specific Code input for plugin: RCC
2023-11-15 19:09:04,922 [INFO] CodeGenerator:799 - code generatio: config db path: D:\ST\STM32CubeIDE_1.13.2\STM32CubeIDE\plugins\com.st.stm32cube.common.mx_6.9.2.202309101412\\db\
2023-11-15 19:09:05,050 [INFO] CodeEngine:255 - oldGeneratedFile, C:\Users\Asus\Desktop\STM\Prvi_mini_projekat\MXTmpFiles\license.tmp_save
2023-11-15 19:09:05,201 [INFO] CodeEngine:279 - Generated code: C:\Users\Asus\Desktop\STM\Prvi_mini_projekat\MXTmpFiles\license.tmp
2023-11-15 19:09:05,271 [INFO] CodeEngine:255 - oldGeneratedFile, C:\Users\Asus\Desktop\STM\Prvi_mini_projekat\MXTmpFiles\gpio.tmp_save
2023-11-15 19:09:05,424 [INFO] CodeEngine:279 - Generated code: C:\Users\Asus\Desktop\STM\Prvi_mini_projekat\MXTmpFiles\gpio.tmp
2023-11-15 19:09:05,455 [INFO] CodeEngine:255 - oldGeneratedFile, C:\Users\Asus\Desktop\STM\Prvi_mini_projekat\Core\Src\stm32f1xx_it.c_save
2023-11-15 19:09:05,718 [INFO] CodeEngine:279 - Generated code: C:\Users\Asus\Desktop\STM\Prvi_mini_projekat\Core\Src\stm32f1xx_it.c
2023-11-15 19:09:05,727 [INFO] CodeEngine:255 - oldGeneratedFile, C:\Users\Asus\Desktop\STM\Prvi_mini_projekat\Core\Inc\stm32f1xx_it.h_save
2023-11-15 19:09:05,819 [INFO] CodeEngine:279 - Generated code: C:\Users\Asus\Desktop\STM\Prvi_mini_projekat\Core\Inc\stm32f1xx_it.h
2023-11-15 19:09:05,853 [INFO] CodeEngine:255 - oldGeneratedFile, C:\Users\Asus\Desktop\STM\Prvi_mini_projekat\Core\Src\stm32f1xx_hal_msp.c_save
2023-11-15 19:09:05,974 [INFO] CodeEngine:279 - Generated code: C:\Users\Asus\Desktop\STM\Prvi_mini_projekat\Core\Src\stm32f1xx_hal_msp.c
2023-11-15 19:09:05,978 [INFO] CodeEngine:255 - oldGeneratedFile, C:\Users\Asus\Desktop\STM\Prvi_mini_projekat\MXTmpFiles\system.tmp_save
2023-11-15 19:09:06,052 [INFO] CodeEngine:279 - Generated code: C:\Users\Asus\Desktop\STM\Prvi_mini_projekat\MXTmpFiles\system.tmp
2023-11-15 19:09:06,074 [INFO] CodeEngine:311 - oldGeneratedFile, C:\Users\Asus\Desktop\STM\Prvi_mini_projekat\Core\Inc\stm32f1xx_hal_conf.h_save
2023-11-15 19:09:06,217 [INFO] CodeEngine:335 - Generated code: C:\Users\Asus\Desktop\STM\Prvi_mini_projekat\Core\Inc\stm32f1xx_hal_conf.h
2023-11-15 19:09:06,274 [INFO] CodeEngine:255 - oldGeneratedFile, C:\Users\Asus\Desktop\STM\Prvi_mini_projekat\Core\Inc\main.h_save
2023-11-15 19:09:06,415 [INFO] CodeEngine:279 - Generated code: C:\Users\Asus\Desktop\STM\Prvi_mini_projekat\Core\Inc\main.h
2023-11-15 19:09:06,433 [INFO] CodeEngine:255 - oldGeneratedFile, C:\Users\Asus\Desktop\STM\Prvi_mini_projekat\Core\Src\main.c_save
2023-11-15 19:09:06,594 [INFO] CodeEngine:279 - Generated code: C:\Users\Asus\Desktop\STM\Prvi_mini_projekat\Core\Src\main.c
2023-11-15 19:09:07,284 [INFO] ProjectBuilder:3064 - Time for Copy HAL[1] : 175mS.
2023-11-15 19:09:07,289 [INFO] ProjectBuilder:4404 - Project Generator version: 4.1.0
2023-11-15 19:09:07,503 [INFO] ConfigFileManager:1457 - The Die is : DIE412
2023-11-15 19:09:09,304 [INFO] ProjectBuilder:4626 - Time for Generating toolchain IDE Files: 2016mS.
2023-11-15 19:09:09,305 [INFO] ProjectBuilder:2935 - Time for Copy CMSIS : 1mS.
2023-11-15 19:09:09,308 [INFO] ProjectBuilder:2935 - Time for Copy CMSIS : 0mS.
